00000000000i[      ] LTDL_LIBRARY_PATH not set. using compile time default '/usr/lib/x86_64-linux-gnu/bochs/plugins'
00000000000i[      ] BXSHARE not set. using compile time default '/usr/share/bochs'
00000000000i[      ] lt_dlhandle is 0x55d8eb7408c0
00000000000i[PLUGIN] loaded plugin libbx_iodebug.so
00000000000i[      ] lt_dlhandle is 0x55d8eb7412d0
00000000000i[PLUGIN] loaded plugin libbx_unmapped.so
00000000000i[      ] lt_dlhandle is 0x55d8eb741b60
00000000000i[PLUGIN] loaded plugin libbx_serial.so
00000000000i[      ] lt_dlhandle is 0x55d8eb745fa0
00000000000i[PLUGIN] loaded plugin libbx_speaker.so
00000000000i[      ] lt_dlhandle is 0x55d8eb748080
00000000000i[PLUGIN] loaded plugin libbx_extfpuirq.so
00000000000i[      ] lt_dlhandle is 0x55d8eb748960
00000000000i[PLUGIN] loaded plugin libbx_parallel.so
00000000000i[      ] lt_dlhandle is 0x55d8eb74a5b0
00000000000i[PLUGIN] loaded plugin libbx_biosdev.so
00000000000i[      ] lt_dlhandle is 0x55d8eb74afc0
00000000000i[PLUGIN] loaded plugin libbx_gameport.so
00000000000i[      ] reading configuration from bochsrc.cfg
00000000000i[      ] lt_dlhandle is 0x55d8eb74bd30
00000000000i[PLUGIN] loaded plugin libbx_textconfig.so
00000000000i[      ] lt_dlhandle is 0x55d8eb74c510
00000000000i[PLUGIN] loaded plugin libbx_x_gui.so
00000000000i[      ] installing x module as the Bochs GUI
00000000000i[      ] Bochs x86 Emulator 2.7
00000000000i[      ]   Built from SVN snapshot on August  1, 2021
00000000000i[      ]   Timestamp: Sun Aug  1 10:07:00 CEST 2021
00000000000i[      ] System configuration
00000000000i[      ]   processors: 1 (cores=1, HT threads=1)
00000000000i[      ]   A20 line support: yes
00000000000i[      ] IPS is set to 4000000
00000000000i[      ] CPU configuration
00000000000i[      ]   SMP support: yes, quantum=16
00000000000i[      ]   level: 6
00000000000i[      ]   APIC support: xapic
00000000000i[      ]   FPU support: yes
00000000000i[      ]   MMX support: yes
00000000000i[      ]   3dnow! support: yes
00000000000i[      ]   SEP support: yes
00000000000i[      ]   SIMD support: sse2
00000000000i[      ]   XSAVE support: no 
00000000000i[      ]   AES support: no
00000000000i[      ]   SHA support: no
00000000000i[      ]   MOVBE support: no
00000000000i[      ]   ADX support: no
00000000000i[      ]   x86-64 support: yes
00000000000i[      ]   1G paging support: no
00000000000i[      ]   MWAIT support: yes
00000000000i[      ]   VMX support: 1
00000000000i[      ]   SVM support: no
00000000000i[      ] Optimization configuration
00000000000i[      ]   RepeatSpeedups support: yes
00000000000i[      ]   Fast function calls: yes
00000000000i[      ]   Handlers Chaining speedups: no
00000000000i[      ] Devices configuration
00000000000i[      ]   PCI support: i440FX i430FX i440BX
00000000000i[      ]   Network devices support: NE2000 E1000
00000000000i[      ]   Sound support: SB16 ES1370
00000000000i[      ]   USB support: UHCI OHCI EHCI xHCI
00000000000i[      ]   VGA extension support: vbe cirrus voodoo
00000000000i[IMG   ] Disk image modules
00000000000i[IMG   ]   flat concat sparse dll growing undoable volatile vbox vpc
00000000000i[IMG   ]   vmware3 vmware4 vvfat
00000000000i[NETCTL] Networking modules
00000000000i[NETCTL]   null slirp vde socket tuntap vnet linux
00000000000i[SNDCTL] Sound drivers
00000000000i[SNDCTL]   dummy sdl alsa file oss
00000000000i[USBCTL] Pluggable USB devices
00000000000i[USBCTL]   disk cdrom floppy hub printer mouse tablet keypad
00000000000i[USBCTL]   keyboard
00000000000i[MEM0  ] allocated memory at 0x7204d07f3010. after alignment, vector=0x7204d07f4000
00000000000i[MEM0  ] 32.00MB
00000000000i[MEM0  ] mem block size = 0x00020000, blocks=256
00000000000p[MEM0  ] >>PANIC<< ROM: System BIOS must end at 0xfffff
00000000000i[CPU0  ] WARNING: 3DNow! is not implemented yet !
00000000000i[DEV   ] will paste characters every 100 iodev timer ticks
00000000000i[      ] lt_dlhandle is 0x55d8ebd8d370
00000000000i[PLUGIN] loaded plugin libbx_soundalsa.so
ALSA lib confmisc.c:855:(parse_card) cannot find card '0'
ALSA lib conf.c:5204:(_snd_config_evaluate) function snd_func_card_inum returned error: No such file or directory
ALSA lib confmisc.c:422:(snd_func_concat) error evaluating strings
ALSA lib conf.c:5204:(_snd_config_evaluate) function snd_func_concat returned error: No such file or directory
ALSA lib confmisc.c:1342:(snd_func_refer) error evaluating name
ALSA lib conf.c:5204:(_snd_config_evaluate) function snd_func_refer returned error: No such file or directory
ALSA lib conf.c:5727:(snd_config_expand) Evaluate error: No such file or directory
ALSA lib pcm.c:2721:(snd_pcm_open_noupdate) Unknown PCM default
00000000000i[      ] lt_dlhandle is 0x55d8ebda0f90
00000000000i[PLUGIN] loaded plugin libbx_pci.so
00000000000i[      ] lt_dlhandle is 0x55d8ebd90fb0
00000000000i[PLUGIN] loaded plugin libbx_pci2isa.so
00000000000i[      ] lt_dlhandle is 0x55d8ebda13a0
00000000000i[PLUGIN] loaded plugin libbx_usb_uhci.so
00000000000i[      ] lt_dlhandle is 0x55d8ebdac230
00000000000i[PLUGIN] loaded plugin libbx_acpi.so
00000000000i[      ] lt_dlhandle is 0x55d8ebdacd60
00000000000i[PLUGIN] loaded plugin libbx_hpet.so
00000000000i[      ] lt_dlhandle is 0x55d8ebdadc10
00000000000i[PLUGIN] loaded plugin libbx_cmos.so
00000000000i[      ] lt_dlhandle is 0x55d8ebdae450
00000000000i[PLUGIN] loaded plugin libbx_dma.so
00000000000i[      ] lt_dlhandle is 0x55d8ebdaec90
00000000000i[PLUGIN] loaded plugin libbx_pic.so
00000000000i[      ] lt_dlhandle is 0x55d8ebdaf4f0
00000000000i[PLUGIN] loaded plugin libbx_pit.so
00000000000i[      ] lt_dlhandle is 0x55d8ebdafee0
00000000000i[PLUGIN] loaded plugin libbx_vga.so
00000000000i[      ] lt_dlhandle is 0x55d8ebdb0790
00000000000i[PLUGIN] loaded plugin libbx_floppy.so
00000000000i[      ] lt_dlhandle is 0x55d8ebdb1380
00000000000i[PLUGIN] loaded plugin libbx_ioapic.so
00000000000i[      ] lt_dlhandle is 0x55d8ebdb1ce0
00000000000i[PLUGIN] loaded plugin libbx_keyboard.so
00000000000i[      ] lt_dlhandle is 0x55d8ebdb2610
00000000000i[PLUGIN] loaded plugin libbx_harddrv.so
00000000000i[      ] lt_dlhandle is 0x55d8ebdb4730
00000000000i[PLUGIN] loaded plugin libbx_pci_ide.so
00000000000i[PLUGIN] init_dev of 'pci' plugin device by virtual method
00000000000i[DEV   ] i440FX PMC present at device 0, function 0
00000000000i[PLUGIN] init_dev of 'pci2isa' plugin device by virtual method
00000000000i[DEV   ] PIIX3 PCI-to-ISA bridge present at device 1, function 0
00000000000i[PLUGIN] init_dev of 'cmos' plugin device by virtual method
00000000000i[CMOS  ] Using local time for initial clock
00000000000i[CMOS  ] Setting initial clock to: Fri Feb 27 06:19:55 2026 (time0=1772158795)
00000000000i[PLUGIN] init_dev of 'dma' plugin device by virtual method
00000000000i[DMA   ] channel 4 used by cascade
00000000000i[PLUGIN] init_dev of 'pic' plugin device by virtual method
00000000000i[PLUGIN] init_dev of 'pit' plugin device by virtual method
00000000000i[PLUGIN] init_dev of 'vga' plugin device by virtual method
00000000000i[MEM0  ] Register memory access handlers: 0x0000000a0000 - 0x0000000bffff
00000000000i[VGA   ] interval=200000, mode=realtime
00000000000i[VGA   ] VSYNC using standard mode
00000000000i[MEM0  ] Register memory access handlers: 0x0000e0000000 - 0x0000e0ffffff
00000000000i[BXVGA ] VBE Bochs Display Extension Enabled
00000000000i[XGUI  ] test_alloc_colors: 16 colors available out of 16 colors tried
00000000000i[XGUI  ] font 8 wide x 16 high, display depth = 24
00000000000i[XGUI  ] maximum host resolution: x=1920 y=1030
00000000000i[MEM0  ] rom at 0xc0000/38912 ('/usr/share/seabios/vgabios.bin')
00000000000i[PLUGIN] init_dev of 'floppy' plugin device by virtual method
00000000000i[DMA   ] channel 2 used by Floppy Drive
00000000000i[FLOPPY] fd0: 'disk.img' ro=0, h=2,t=80,spt=18
00000000000i[FLOPPY] Using boot sequence floppy, none, none
00000000000i[FLOPPY] Floppy boot signature check is enabled
00000000000i[PLUGIN] init_dev of 'acpi' plugin device by virtual method
00000000000i[DEV   ] ACPI Controller present at device 1, function 3
00000000000i[PLUGIN] init_dev of 'hpet' plugin device by virtual method
00000000000i[HPET  ] initializing HPET
00000000000i[MEM0  ] Register memory access handlers: 0x0000fed00000 - 0x0000fed003ff
00000000000i[PLUGIN] init_dev of 'ioapic' plugin device by virtual method
00000000000i[IOAPIC] initializing I/O APIC
00000000000i[MEM0  ] Register memory access handlers: 0x0000fec00000 - 0x0000fec00fff
00000000000i[IOAPIC] IOAPIC enabled (base address = 0xfec00000)
00000000000i[PLUGIN] init_dev of 'keyboard' plugin device by virtual method
00000000000i[PLUGIN] init_dev of 'harddrv' plugin device by virtual method
00000000000i[HD    ] HD on ata0-0: 'data.img', 'flat' mode
00000000000e[IMG   ] image locked: 'data.img'
00000000000p[HD    ] >>PANIC<< ata0-0: could not open hard drive image file 'data.img'
00000000000i[PLUGIN] init_dev of 'pci_ide' plugin device by virtual method
00000000000i[DEV   ] PIIX3 PCI IDE controller present at device 1, function 1
00000000000i[PLUGIN] init_dev of 'iodebug' plugin device by virtual method
00000000000i[PLUGIN] init_dev of 'unmapped' plugin device by virtual method
00000000000i[PLUGIN] init_dev of 'serial' plugin device by virtual method
00000000000i[SER   ] serial ports disabled
00000000000i[PLUGIN] init_dev of 'speaker' plugin device by virtual method
00000000000i[PCSPK ] Using lowlevel sound support for output
00000000000i[PLUGIN] init_dev of 'extfpuirq' plugin device by virtual method
00000000000i[PLUGIN] init_dev of 'parallel' plugin device by virtual method
00000000000i[PAR   ] parallel port 1 at 0x0378 irq 7
00000000000i[PLUGIN] init_dev of 'biosdev' plugin device by virtual method
00000000000i[PLUGIN] init_dev of 'gameport' plugin device by virtual method
00000000000i[PLUGIN] init_dev of 'usb_uhci' plugin device by virtual method
00000000000i[DEV   ] USB UHCI present at device 1, function 2
00000000000i[UHCI  ] USB UHCI initialized
00000000000i[PLUGIN] register state of 'pci' plugin device by virtual method
00000000000i[PLUGIN] register state of 'pci2isa' plugin device by virtual method
00000000000i[PLUGIN] register state of 'cmos' plugin device by virtual method
00000000000i[PLUGIN] register state of 'dma' plugin device by virtual method
00000000000i[PLUGIN] register state of 'pic' plugin device by virtual method
00000000000i[PLUGIN] register state of 'pit' plugin device by virtual method
00000000000i[PLUGIN] register state of 'vga' plugin device by virtual method
00000000000i[PLUGIN] register state of 'floppy' plugin device by virtual method
00000000000i[PLUGIN] register state of 'iodebug' plugin device by virtual method
00000000000i[PLUGIN] register state of 'unmapped' plugin device by virtual method
00000000000i[PLUGIN] register state of 'speaker' plugin device by virtual method
00000000000i[PLUGIN] register state of 'extfpuirq' plugin device by virtual method
00000000000i[PLUGIN] register state of 'parallel' plugin device by virtual method
00000000000i[PLUGIN] register state of 'biosdev' plugin device by virtual method
00000000000i[PLUGIN] register state of 'gameport' plugin device by virtual method
00000000000i[PLUGIN] register state of 'usb_uhci' plugin device by virtual method
00000000000i[PLUGIN] register state of 'acpi' plugin device by virtual method
00000000000i[PLUGIN] register state of 'hpet' plugin device by virtual method
00000000000i[PLUGIN] register state of 'ioapic' plugin device by virtual method
00000000000i[PLUGIN] register state of 'keyboard' plugin device by virtual method
00000000000i[PLUGIN] register state of 'harddrv' plugin device by virtual method
00000000000i[PLUGIN] register state of 'pci_ide' plugin device by virtual method
00000000000i[SYS   ] bx_pc_system_c::Reset(HARDWARE) called
00000000000i[CPU0  ] cpu hardware reset
00000000000i[APIC0 ] allocate APIC id=0 (MMIO enabled) to 0x0000fee00000
00000000000i[CPU0  ] CPU[0] is the bootstrap processor
00000000000i[CPU0  ] CPUID[0x00000000]: 00000005 68747541 444d4163 69746e65
00000000000i[CPU0  ] CPUID[0x00000001]: 00000633 00010800 00002028 17cbfbff
00000000000i[CPU0  ] CPUID[0x00000002]: 00000000 00000000 00000000 00000000
00000000000i[CPU0  ] CPUID[0x00000003]: 00000000 00000000 00000000 00000000
00000000000i[CPU0  ] CPUID[0x00000004]: 00000000 00000000 00000000 00000000
00000000000i[CPU0  ] CPUID[0x00000005]: 00000040 00000040 00000003 00000020
00000000000i[CPU0  ] CPUID[0x80000000]: 80000008 68747541 444d4163 69746e65
00000000000i[CPU0  ] CPUID[0x80000001]: 00000633 00000000 00000101 ebd3f3ff
00000000000i[CPU0  ] CPUID[0x80000002]: 20444d41 6c687441 74286e6f 7020296d
00000000000i[CPU0  ] CPUID[0x80000003]: 65636f72 726f7373 00000000 00000000
00000000000i[CPU0  ] CPUID[0x80000004]: 00000000 00000000 00000000 00000000
00000000000i[CPU0  ] CPUID[0x80000005]: 01ff01ff 01ff01ff 40020140 40020140
00000000000i[CPU0  ] CPUID[0x80000006]: 00000000 42004200 02008140 00000000
00000000000i[CPU0  ] CPUID[0x80000007]: 00000000 00000000 00000000 00000000
00000000000i[CPU0  ] CPUID[0x80000008]: 00003028 00000000 00000000 00000000
00000000000i[CPU0  ] CPU Features supported:
00000000000i[CPU0  ] 		x87
00000000000i[CPU0  ] 		486ni
00000000000i[CPU0  ] 		pentium_ni
00000000000i[CPU0  ] 		p6ni
00000000000i[CPU0  ] 		mmx
00000000000i[CPU0  ] 		3dnow!
00000000000i[CPU0  ] 		debugext
00000000000i[CPU0  ] 		vme
00000000000i[CPU0  ] 		pse
00000000000i[CPU0  ] 		pae
00000000000i[CPU0  ] 		pge
00000000000i[CPU0  ] 		pse36
00000000000i[CPU0  ] 		mtrr
00000000000i[CPU0  ] 		pat
00000000000i[CPU0  ] 		sysenter_sysexit
00000000000i[CPU0  ] 		clflush
00000000000i[CPU0  ] 		sse
00000000000i[CPU0  ] 		sse2
00000000000i[CPU0  ] 		mwait
00000000000i[CPU0  ] 		vmx
00000000000i[CPU0  ] 		longmode
00000000000i[CPU0  ] 		lm_lahf_sahf
00000000000i[CPU0  ] 		nx
00000000000i[CPU0  ] 		cmpxhg16b
00000000000i[CPU0  ] 		rdtscp
00000000000i[CPU0  ] 		ffxsr
00000000000i[CPU0  ] 		xapic
00000000000i[PLUGIN] reset of 'pci' plugin device by virtual method
00000000000i[PLUGIN] reset of 'pci2isa' plugin device by virtual method
00000000000i[PLUGIN] reset of 'cmos' plugin device by virtual method
00000000000i[PLUGIN] reset of 'dma' plugin device by virtual method
00000000000i[PLUGIN] reset of 'pic' plugin device by virtual method
00000000000i[PLUGIN] reset of 'pit' plugin device by virtual method
00000000000i[PLUGIN] reset of 'vga' plugin device by virtual method
00000000000i[PLUGIN] reset of 'floppy' plugin device by virtual method
00000000000i[PLUGIN] reset of 'acpi' plugin device by virtual method
00000000000i[PLUGIN] reset of 'hpet' plugin device by virtual method
00000000000i[PLUGIN] reset of 'ioapic' plugin device by virtual method
00000000000i[PLUGIN] reset of 'keyboard' plugin device by virtual method
00000000000i[PLUGIN] reset of 'harddrv' plugin device by virtual method
00000000000i[PLUGIN] reset of 'pci_ide' plugin device by virtual method
00000000000i[PLUGIN] reset of 'iodebug' plugin device by virtual method
00000000000i[PLUGIN] reset of 'unmapped' plugin device by virtual method
00000000000i[PLUGIN] reset of 'speaker' plugin device by virtual method
00000000000i[PLUGIN] reset of 'extfpuirq' plugin device by virtual method
00000000000i[PLUGIN] reset of 'parallel' plugin device by virtual method
00000000000i[PLUGIN] reset of 'biosdev' plugin device by virtual method
00000000000i[PLUGIN] reset of 'gameport' plugin device by virtual method
00000000000i[PLUGIN] reset of 'usb_uhci' plugin device by virtual method
========================================================================
                        Bochs x86 Emulator 2.7
              Built from SVN snapshot on August  1, 2021
                Timestamp: Sun Aug  1 10:07:00 CEST 2021
========================================================================
00000000000i[      ] set SIGINT handler to bx_debug_ctrlc_handler
Next at t=0
(0) [0x0000fffffff0] f000:fff0 (unk. ctxt): (invalid)                 ; ffff
[?2004h<bochs:1> 