=== VLSMC Bare-Metal Build Script ===
[1/5] Assembling bootloader (Stage 1 + Stage 2)...
[2/5] Assembling kernel entry and interrupts...
[3/5] Compiling C++ kernel sources...
kernel/src/vmm.cpp: In static member function ‘static bool re36::VMM::handle_page_fault(uint32_t, uint32_t)’:
kernel/src/vmm.cpp:213:14: warning: unused variable ‘pd_index’ [-Wunused-variable]
  213 |     uint32_t pd_index = fault_addr >> 22;
      |              ^~~~~~~~
kernel/src/vmm.cpp:214:14: warning: unused variable ‘pt_index’ [-Wunused-variable]
  214 |     uint32_t pt_index = (fault_addr >> 12) & 0x3FF;
      |              ^~~~~~~~
kernel/src/fat16.cpp: In static member function ‘static int re36::Fat16::fat16_create(re36::vnode*, const char*, int, re36::vnode**)’:
kernel/src/fat16.cpp:787:59: warning: unused parameter ‘mode’ [-Wunused-parameter]
  787 | int Fat16::fat16_create(vnode* dir, const char* name, int mode, vnode** out) {
      |                                                       ~~~~^~~~
kernel/src/shell.cpp:31:12: warning: ‘re36::cursor_x’ defined but not used [-Wunused-variable]
   31 | static int cursor_x = 0;
      |            ^~~~~~~~
[4/5] Linking kernel...
x86_64-linux-gnu-ld: warning: switch_task.o: missing .note.GNU-stack section implies executable stack
x86_64-linux-gnu-ld: NOTE: This behaviour is deprecated and will be removed in a future version of the linker
[5/5] Building Disk Images...
mkfs.fat 4.2 (2021-01-31)
--- Boot disk ---
 Volume in drive : has no label
 Volume Serial Number is 4609-4950
Directory for ::/

STAGE2   BIN      1181 2026-03-01   0:47 
KERNEL   BIN    127576 2026-03-01   0:47 
        2 files             128 757 bytes
                          1 328 128 bytes free

=== Building Data Disk (FAT16) ===
mkfs.fat 4.2 (2021-01-31)
=== Building Libc ===
=== Building Libc ===
user/libc/src/cxx.cpp:4:18: warning: ‘__dso_handle’ initialized and declared ‘extern’
    4 | extern "C" void* __dso_handle __attribute__((__weak__)) = nullptr;
      |                  ^~~~~~~~~~~~
user/libc/src/cxx.cpp:4:18: warning: ‘__dso_handle’ initialized and declared ‘extern’
    4 | extern "C" void* __dso_handle __attribute__((__weak__)) = nullptr;
      |                  ^~~~~~~~~~~~
x86_64-linux-gnu-ld: warning: LIBC.SO has a LOAD segment with RWX permissions
=== Building User Programs ===
x86_64-linux-gnu-ld: warning: user_crt0.o: missing .note.GNU-stack section implies executable stack
x86_64-linux-gnu-ld: NOTE: This behaviour is deprecated and will be removed in a future version of the linker
x86_64-linux-gnu-ld: warning: user_crt0.o: missing .note.GNU-stack section implies executable stack
x86_64-linux-gnu-ld: NOTE: This behaviour is deprecated and will be removed in a future version of the linker
x86_64-linux-gnu-ld: user_crt0.o: in function `_start':
user/crt0.asm:(.text+0x19): undefined reference to `__libc_start_main'
