[FAT16] Mounted: 32768 sectors, 2048 bytes/cluster, FAT at LBA 4, Data at LBA 100
==========================================
   RAND Elecorner 36 OS (Bare-Metal)      
==========================================

-> PMM Initialized (32 MB RAM)
-> Heap Initialized
-> Keyboard Driver (Ring 0) Loaded via IRQ1
-> PIT Timer Initialized (100 Hz)
-> Task Scheduler Initialized (Priority RR)
-> Event Channel System Ready
-> VMM Paging Enabled (Kernel Supervisor-only)
-> TSS Loaded (Ring 3 Ready)
-> Syscall Gate (int 0x80) Registered
-> ATA Primary Master Detected
-> FAT16 Filesystem Mounted
-> Interrupts Enabled (STI)

--- Running Kernel Self-Tests ---
[TEST] kmalloc... OK
[TEST] string... OK
[TEST] vector... OK
[OK] All internal self-tests passed.

[ELF] Spawned 'HELLO.ELF' as TID 2
[ELF] Spawned 'CAT_TEST.ELF' as TID 3
Spawned threads: idle (pri=255), shell (pri=1)
Switching to shell thread...
RAND Elecorner 36 Shell v2.0
Type 'help' for commands. Tab=complete, Up/Down=history

> [ELF] read_file_offset returned 4096 bytes. Magic: 7F 45 4C 46
=========================
  Hello from C++ AppAPI!
[ELF] read_file_offset returned 4096 bytes. Magic: 7F 45 4C 46
[CAT] Requesting file 'HELLO.TXT' from FS driver...
[CAT] Error: fsdriver.elf thread not found!
  Running in Ring 3
=========================
  PID: 2

  Counting: 0 
1 2 3 4 
  Done!
